Sun Dec  8 11:32:27     2024: Starting pre-commit hook
Sun Dec  8 11:32:27     2024: Changed files: apps/backend/src/index.ts
Sun Dec  8 11:32:27     2024: Frontend files detected: 
Sun Dec  8 11:32:27     2024: Backend files detected: apps/backend/src/index.ts

Sun Dec  8 11:32:27     2024: Backend files detected, running backend linting
yarn run v1.22.19
$ turbo lint --filter=@moudrodne/backend
turbo 2.3.3

• Packages in scope: @moudrodne/backend
• Running lint in 1 packages
• Remote caching disabled
@moudrodne/backend:lint: cache miss, executing f555267d5de19c79
@moudrodne/backend:lint: yarn run v1.22.19
@moudrodne/backend:lint: $ eslint .
@moudrodne/backend:lint: Done in 5.56s.

 Tasks:    1 successful, 1 total
Cached:    0 cached, 1 total
  Time:    6.212s 

Done in 6.92s.
yarn run v1.22.19
$ turbo build --filter=@moudrodne/backend
turbo 2.3.3

• Packages in scope: @moudrodne/backend
• Running build in 1 packages
• Remote caching disabled
@moudrodne/backend:build: cache miss, executing ae4c7e636f626beb
@moudrodne/backend:build: yarn run v1.22.19
@moudrodne/backend:build: $ esbuild src/index.ts --bundle --platform=node --outfile=dist/index.js --external:express --external:cors
@moudrodne/backend:build: 
@moudrodne/backend:build:   dist\index.js  92.4kb
@moudrodne/backend:build: 
@moudrodne/backend:build: Done in 0.56s.

 Tasks:    1 successful, 1 total
Cached:    0 cached, 1 total
  Time:    1.26s 

Done in 2.06s.
Sun Dec  8 11:32:38     2024: Pre-commit hook completed
